<?xml version="1.0" encoding="UTF-8"?>
<robot generator="Robot 5.0.1 (Python 3.9.5 on win32)" generated="20220929 10:56:40.495" rpa="false" schemaversion="3">
<suite id="s1" name="Tests" source="C:\development\robot\pythonProject\front-office\tests">
<suite id="s1-s1" name="BackOffice" source="C:\development\robot\pythonProject\front-office\tests\BackOffice">
<suite id="s1-s1-s1" name="Back Office" source="C:\development\robot\pythonProject\front-office\tests\BackOffice\Back_Office.robot">
<test id="s1-s1-s1-t1" name="Should be able to access &quot;Landing&quot; page" line="17">
<kw name="Begin Web Test" library="CommonWeb" type="SETUP">
<kw name="Open Browser" library="Selenium2Library">
<arg>about:blank</arg>
<arg>${BROWSER}</arg>
<doc>Opens a new browser instance to the optional ``url``.</doc>
<msg timestamp="20220929 10:56:40.745" level="INFO">Opening browser 'edge' to base url 'about:blank'.</msg>
<status status="PASS" starttime="20220929 10:56:40.745" endtime="20220929 10:56:42.404"/>
</kw>
<status status="PASS" starttime="20220929 10:56:40.744" endtime="20220929 10:56:42.405"/>
</kw>
<kw name="Go to Landing Page" library="BackOfficeApp">
<kw name="Navigate To" library="BackOffice.Landing">
<kw name="Go To" library="Selenium2Library">
<arg>${BACK_OFFICE_URL}</arg>
<doc>Navigates the current browser window to the provided ``url``.</doc>
<msg timestamp="20220929 10:56:42.406" level="INFO">Opening url 'https://automationplayground.com/back-office/'</msg>
<status status="PASS" starttime="20220929 10:56:42.406" endtime="20220929 10:56:45.269"/>
</kw>
<status status="PASS" starttime="20220929 10:56:42.406" endtime="20220929 10:56:45.270"/>
</kw>
<status status="PASS" starttime="20220929 10:56:42.406" endtime="20220929 10:56:45.270"/>
</kw>
<kw name="End Web Test" library="CommonWeb" type="TEARDOWN">
<kw name="Close All Browsers" library="Selenium2Library">
<doc>Closes all open browsers and resets the browser cache.</doc>
<status status="PASS" starttime="20220929 10:56:45.271" endtime="20220929 10:56:47.553"/>
</kw>
<status status="PASS" starttime="20220929 10:56:45.271" endtime="20220929 10:56:47.554"/>
</kw>
<doc>This is test 1</doc>
<tag>test1</tag>
<status status="PASS" starttime="20220929 10:56:40.743" endtime="20220929 10:56:47.555"/>
</test>
<doc>Talk about what this suite of tests does</doc>
<status status="PASS" starttime="20220929 10:56:40.525" endtime="20220929 10:56:47.560"/>
</suite>
<status status="PASS" starttime="20220929 10:56:40.522" endtime="20220929 10:56:47.564"/>
</suite>
<suite id="s1-s2" name="EndToEnd" source="C:\development\robot\pythonProject\front-office\tests\EndToEnd">
<suite id="s1-s2-s1" name="End To End" source="C:\development\robot\pythonProject\front-office\tests\EndToEnd\End_To_End.robot">
<test id="s1-s2-s1-t1" name="Should be able to access both Sites" line="16">
<kw name="Begin Web Test" library="CommonWeb" type="SETUP">
<kw name="Open Browser" library="Selenium2Library">
<arg>about:blank</arg>
<arg>${BROWSER}</arg>
<doc>Opens a new browser instance to the optional ``url``.</doc>
<msg timestamp="20220929 10:56:47.604" level="INFO">Opening browser 'edge' to base url 'about:blank'.</msg>
<status status="PASS" starttime="20220929 10:56:47.604" endtime="20220929 10:56:49.157"/>
</kw>
<status status="PASS" starttime="20220929 10:56:47.604" endtime="20220929 10:56:49.158"/>
</kw>
<kw name="Go to Landing Page" library="FrontOfficeApp">
<kw name="Navigate To" library="FrontOffice.Landing">
<kw name="Go To" library="Selenium2Library">
<arg>${FRONT_OFFICE_URL}</arg>
<doc>Navigates the current browser window to the provided ``url``.</doc>
<msg timestamp="20220929 10:56:49.159" level="INFO">Opening url 'https://automationplayground.com/front-office/'</msg>
<status status="PASS" starttime="20220929 10:56:49.159" endtime="20220929 10:56:51.355"/>
</kw>
<status status="PASS" starttime="20220929 10:56:49.159" endtime="20220929 10:56:51.355"/>
</kw>
<kw name="Verify Page Loaded" library="FrontOffice.Landing">
<kw name="Wait Until Page Contains Element" library="Selenium2Library">
<arg>${LANDING_NAVIGATION_ELEMENT}</arg>
<doc>Waits until the element ``locator`` appears on the current page.</doc>
<status status="PASS" starttime="20220929 10:56:51.355" endtime="20220929 10:56:51.375"/>
</kw>
<status status="PASS" starttime="20220929 10:56:51.355" endtime="20220929 10:56:51.376"/>
</kw>
<status status="PASS" starttime="20220929 10:56:49.158" endtime="20220929 10:56:51.376"/>
</kw>
<kw name="Go to Landing Page" library="BackOfficeApp">
<kw name="Navigate To" library="BackOffice.Landing">
<kw name="Go To" library="Selenium2Library">
<arg>${BACK_OFFICE_URL}</arg>
<doc>Navigates the current browser window to the provided ``url``.</doc>
<msg timestamp="20220929 10:56:51.377" level="INFO">Opening url 'https://automationplayground.com/back-office/'</msg>
<status status="PASS" starttime="20220929 10:56:51.377" endtime="20220929 10:56:52.114"/>
</kw>
<status status="PASS" starttime="20220929 10:56:51.377" endtime="20220929 10:56:52.114"/>
</kw>
<status status="PASS" starttime="20220929 10:56:51.377" endtime="20220929 10:56:52.114"/>
</kw>
<kw name="End Web Test" library="CommonWeb" type="TEARDOWN">
<kw name="Close All Browsers" library="Selenium2Library">
<doc>Closes all open browsers and resets the browser cache.</doc>
<status status="PASS" starttime="20220929 10:56:52.115" endtime="20220929 10:56:54.348"/>
</kw>
<status status="PASS" starttime="20220929 10:56:52.115" endtime="20220929 10:56:54.348"/>
</kw>
<doc>This is test 1</doc>
<tag>test1</tag>
<status status="PASS" starttime="20220929 10:56:47.603" endtime="20220929 10:56:54.349"/>
</test>
<doc>This is the End to End Suite</doc>
<status status="PASS" starttime="20220929 10:56:47.574" endtime="20220929 10:56:54.351"/>
</suite>
<status status="PASS" starttime="20220929 10:56:47.568" endtime="20220929 10:56:54.355"/>
</suite>
<suite id="s1-s3" name="FrontOffice" source="C:\development\robot\pythonProject\front-office\tests\FrontOffice">
<suite id="s1-s3-s1" name="Front Office" source="C:\development\robot\pythonProject\front-office\tests\FrontOffice\Front_Office.robot">
<test id="s1-s3-s1-t1" name="Should be able to access &quot;Team&quot; page" line="17">
<kw name="Begin Web Test" library="CommonWeb" type="SETUP">
<kw name="Open Browser" library="Selenium2Library">
<arg>about:blank</arg>
<arg>${BROWSER}</arg>
<doc>Opens a new browser instance to the optional ``url``.</doc>
<msg timestamp="20220929 10:56:54.389" level="INFO">Opening browser 'edge' to base url 'about:blank'.</msg>
<status status="PASS" starttime="20220929 10:56:54.388" endtime="20220929 10:56:56.057"/>
</kw>
<status status="PASS" starttime="20220929 10:56:54.387" endtime="20220929 10:56:56.057"/>
</kw>
<kw name="Go to Landing Page" library="FrontOfficeApp">
<kw name="Navigate To" library="FrontOffice.Landing">
<kw name="Go To" library="Selenium2Library">
<arg>${FRONT_OFFICE_URL}</arg>
<doc>Navigates the current browser window to the provided ``url``.</doc>
<msg timestamp="20220929 10:56:56.061" level="INFO">Opening url 'https://automationplayground.com/front-office/'</msg>
<status status="PASS" starttime="20220929 10:56:56.060" endtime="20220929 10:56:57.965"/>
</kw>
<status status="PASS" starttime="20220929 10:56:56.059" endtime="20220929 10:56:57.965"/>
</kw>
<kw name="Verify Page Loaded" library="FrontOffice.Landing">
<kw name="Wait Until Page Contains Element" library="Selenium2Library">
<arg>${LANDING_NAVIGATION_ELEMENT}</arg>
<doc>Waits until the element ``locator`` appears on the current page.</doc>
<status status="PASS" starttime="20220929 10:56:57.965" endtime="20220929 10:56:57.981"/>
</kw>
<status status="PASS" starttime="20220929 10:56:57.965" endtime="20220929 10:56:57.981"/>
</kw>
<status status="PASS" starttime="20220929 10:56:56.058" endtime="20220929 10:56:57.981"/>
</kw>
<kw name="Go to &quot;Team&quot; Page" library="FrontOfficeApp">
<kw name="Select &quot;Team&quot; Page" library="TopNav">
<kw name="Click Element" library="Selenium2Library">
<arg>${TOP_NAV_TEAM_LINK}</arg>
<doc>Click the element identified by ``locator``.</doc>
<msg timestamp="20220929 10:56:57.982" level="INFO">Clicking element 'css=#bs-example-navbar-collapse-1 &gt; ul &gt; li:nth-child(5) &gt; a'.</msg>
<status status="PASS" starttime="20220929 10:56:57.982" endtime="20220929 10:56:58.065"/>
</kw>
<kw name="Sleep" library="BuiltIn">
<arg>3s</arg>
<doc>Pauses the test executed for the given time.</doc>
<msg timestamp="20220929 10:57:01.072" level="INFO">Slept 3 seconds</msg>
<status status="PASS" starttime="20220929 10:56:58.066" endtime="20220929 10:57:01.072"/>
</kw>
<status status="PASS" starttime="20220929 10:56:57.982" endtime="20220929 10:57:01.072"/>
</kw>
<kw name="Verify Page Loaded" library="Team">
<kw name="Wait Until Page Contains Element" library="Selenium2Library">
<arg>${TEAM_HEADER_LABEL}</arg>
<doc>Waits until the element ``locator`` appears on the current page.</doc>
<status status="PASS" starttime="20220929 10:57:01.072" endtime="20220929 10:57:01.091"/>
</kw>
<status status="PASS" starttime="20220929 10:57:01.072" endtime="20220929 10:57:01.091"/>
</kw>
<status status="PASS" starttime="20220929 10:56:57.981" endtime="20220929 10:57:01.091"/>
</kw>
<kw name="End Web Test" library="CommonWeb" type="TEARDOWN">
<kw name="Close All Browsers" library="Selenium2Library">
<doc>Closes all open browsers and resets the browser cache.</doc>
<status status="PASS" starttime="20220929 10:57:01.092" endtime="20220929 10:57:03.378"/>
</kw>
<status status="PASS" starttime="20220929 10:57:01.092" endtime="20220929 10:57:03.378"/>
</kw>
<doc>This is test 1</doc>
<tag>test1</tag>
<status status="PASS" starttime="20220929 10:56:54.387" endtime="20220929 10:57:03.379"/>
</test>
<test id="s1-s3-s1-t2" name="&quot;Team&quot; page should match requirements" line="23">
<kw name="Begin Web Test" library="CommonWeb" type="SETUP">
<kw name="Open Browser" library="Selenium2Library">
<arg>about:blank</arg>
<arg>${BROWSER}</arg>
<doc>Opens a new browser instance to the optional ``url``.</doc>
<msg timestamp="20220929 10:57:03.381" level="INFO">Opening browser 'edge' to base url 'about:blank'.</msg>
<status status="PASS" starttime="20220929 10:57:03.381" endtime="20220929 10:57:05.075"/>
</kw>
<status status="PASS" starttime="20220929 10:57:03.381" endtime="20220929 10:57:05.076"/>
</kw>
<kw name="Go to Landing Page" library="FrontOfficeApp">
<kw name="Navigate To" library="FrontOffice.Landing">
<kw name="Go To" library="Selenium2Library">
<arg>${FRONT_OFFICE_URL}</arg>
<doc>Navigates the current browser window to the provided ``url``.</doc>
<msg timestamp="20220929 10:57:05.078" level="INFO">Opening url 'https://automationplayground.com/front-office/'</msg>
<status status="PASS" starttime="20220929 10:57:05.078" endtime="20220929 10:57:07.116"/>
</kw>
<status status="PASS" starttime="20220929 10:57:05.077" endtime="20220929 10:57:07.117"/>
</kw>
<kw name="Verify Page Loaded" library="FrontOffice.Landing">
<kw name="Wait Until Page Contains Element" library="Selenium2Library">
<arg>${LANDING_NAVIGATION_ELEMENT}</arg>
<doc>Waits until the element ``locator`` appears on the current page.</doc>
<status status="PASS" starttime="20220929 10:57:07.118" endtime="20220929 10:57:07.139"/>
</kw>
<status status="PASS" starttime="20220929 10:57:07.117" endtime="20220929 10:57:07.139"/>
</kw>
<status status="PASS" starttime="20220929 10:57:05.076" endtime="20220929 10:57:07.139"/>
</kw>
<kw name="Go to &quot;Team&quot; Page" library="FrontOfficeApp">
<kw name="Select &quot;Team&quot; Page" library="TopNav">
<kw name="Click Element" library="Selenium2Library">
<arg>${TOP_NAV_TEAM_LINK}</arg>
<doc>Click the element identified by ``locator``.</doc>
<msg timestamp="20220929 10:57:07.141" level="INFO">Clicking element 'css=#bs-example-navbar-collapse-1 &gt; ul &gt; li:nth-child(5) &gt; a'.</msg>
<status status="PASS" starttime="20220929 10:57:07.140" endtime="20220929 10:57:07.226"/>
</kw>
<kw name="Sleep" library="BuiltIn">
<arg>3s</arg>
<doc>Pauses the test executed for the given time.</doc>
<msg timestamp="20220929 10:57:10.238" level="INFO">Slept 3 seconds</msg>
<status status="PASS" starttime="20220929 10:57:07.226" endtime="20220929 10:57:10.238"/>
</kw>
<status status="PASS" starttime="20220929 10:57:07.140" endtime="20220929 10:57:10.239"/>
</kw>
<kw name="Verify Page Loaded" library="Team">
<kw name="Wait Until Page Contains Element" library="Selenium2Library">
<arg>${TEAM_HEADER_LABEL}</arg>
<doc>Waits until the element ``locator`` appears on the current page.</doc>
<status status="PASS" starttime="20220929 10:57:10.241" endtime="20220929 10:57:10.275"/>
</kw>
<status status="PASS" starttime="20220929 10:57:10.239" endtime="20220929 10:57:10.275"/>
</kw>
<status status="PASS" starttime="20220929 10:57:07.139" endtime="20220929 10:57:10.276"/>
</kw>
<kw name="Validate &quot;Team&quot; Page" library="FrontOfficeApp">
<kw name="Validate Page Contents" library="Team">
<kw name="Get Text" library="Selenium2Library">
<var>${ElementText}</var>
<arg>${TEAM_HEADER_LABEL}</arg>
<doc>Returns the text value of the element identified by ``locator``.</doc>
<msg timestamp="20220929 10:57:10.326" level="INFO">${ElementText} = OUR AMAZING TEAM</msg>
<status status="PASS" starttime="20220929 10:57:10.277" endtime="20220929 10:57:10.326"/>
</kw>
<kw name="Should Be Equal As Strings" library="BuiltIn">
<arg>${ElementText}</arg>
<arg>Our Amazing Team</arg>
<arg>ignore_case=true</arg>
<doc>Fails if objects are unequal after converting them to strings.</doc>
<status status="PASS" starttime="20220929 10:57:10.326" endtime="20220929 10:57:10.326"/>
</kw>
<status status="PASS" starttime="20220929 10:57:10.277" endtime="20220929 10:57:10.326"/>
</kw>
<status status="PASS" starttime="20220929 10:57:10.277" endtime="20220929 10:57:10.327"/>
</kw>
<kw name="End Web Test" library="CommonWeb" type="TEARDOWN">
<kw name="Close All Browsers" library="Selenium2Library">
<doc>Closes all open browsers and resets the browser cache.</doc>
<status status="PASS" starttime="20220929 10:57:10.327" endtime="20220929 10:57:12.607"/>
</kw>
<status status="PASS" starttime="20220929 10:57:10.327" endtime="20220929 10:57:12.608"/>
</kw>
<doc>This is test 2</doc>
<tag>test2</tag>
<status status="PASS" starttime="20220929 10:57:03.380" endtime="20220929 10:57:12.608"/>
</test>
<doc>Talk about what this suite of tests does</doc>
<status status="PASS" starttime="20220929 10:56:54.366" endtime="20220929 10:57:12.610"/>
</suite>
<status status="PASS" starttime="20220929 10:56:54.359" endtime="20220929 10:57:12.614"/>
</suite>
<status status="PASS" starttime="20220929 10:56:40.498" endtime="20220929 10:57:12.617"/>
</suite>
<statistics>
<total>
<stat pass="4" fail="0" skip="0">All Tests</stat>
</total>
<tag>
<stat pass="3" fail="0" skip="0">test1</stat>
<stat pass="1" fail="0" skip="0">test2</stat>
</tag>
<suite>
<stat pass="4" fail="0" skip="0" id="s1" name="Tests">Tests</stat>
<stat pass="1" fail="0" skip="0" id="s1-s1" name="BackOffice">Tests.BackOffice</stat>
<stat pass="1" fail="0" skip="0" id="s1-s1-s1" name="Back Office">Tests.BackOffice.Back Office</stat>
<stat pass="1" fail="0" skip="0" id="s1-s2" name="EndToEnd">Tests.EndToEnd</stat>
<stat pass="1" fail="0" skip="0" id="s1-s2-s1" name="End To End">Tests.EndToEnd.End To End</stat>
<stat pass="2" fail="0" skip="0" id="s1-s3" name="FrontOffice">Tests.FrontOffice</stat>
<stat pass="2" fail="0" skip="0" id="s1-s3-s1" name="Front Office">Tests.FrontOffice.Front Office</stat>
</suite>
</statistics>
<errors>
</errors>
</robot>
